Thu Nov 19 11:02:02 2015:info  - Init server...
Thu Nov 19 11:02:02 2015:info  - start server...
Thu Nov 19 11:02:02 2015:info  - run server
Thu Nov 19 23:03:43 2015:info  - Init server...
Thu Nov 19 23:03:43 2015:info  - start server...
Thu Nov 19 23:03:43 2015:info  - run server
Fri Nov 20 17:16:52 2015:info  - Init server...
Fri Nov 20 17:16:52 2015:info  - start server...
Fri Nov 20 17:16:52 2015:info  - run server
Fri Nov 20 17:19:07 2015:info  - Init server...
Fri Nov 20 17:19:07 2015:info  - start server...
Fri Nov 20 17:19:07 2015:info  - run server
Fri Nov 20 17:20:01 2015:info  - Init server...
Fri Nov 20 17:20:01 2015:info  - start server...
Fri Nov 20 17:20:01 2015:info  - run server
Fri Nov 20 17:20:04 2015:info  - handle accept evets!
Fri Nov 20 17:20:04 2015:info  - m_connections.size() = 0
Fri Nov 20 17:20:04 2015:info  - accept a connection from ip:127.0.0.1port36088
Fri Nov 20 17:20:06 2015:info  - handle events!
Fri Nov 20 17:20:06 2015:info  - handle input events!
Fri Nov 20 17:25:12 2015:info  - Init server...
Fri Nov 20 17:25:12 2015:info  - start server...
Fri Nov 20 17:25:12 2015:info  - run server
Fri Nov 20 17:25:15 2015:info  - handle accept evets!
Fri Nov 20 17:25:15 2015:info  - m_connections.size() = 0
Fri Nov 20 17:25:15 2015:info  - accept a connection from ip:127.0.0.1port36089
Fri Nov 20 17:25:16 2015:ERROR - eHandler == NULL or dHandler == NULL
Tue Nov 24 16:21:45 2015:info  - Init server...
Tue Nov 24 16:21:45 2015:info  - start server...
Tue Nov 24 16:21:45 2015:info  - run server
Tue Nov 24 16:21:53 2015:info  - handle accept evets!
Tue Nov 24 16:21:53 2015:info  - m_connections.size() = 0
Tue Nov 24 16:21:53 2015:info  - accept a connection from ip:127.0.0.1port33092
Tue Nov 24 16:21:55 2015:ERROR - eHandler == NULL or dHandler == NULL
Tue Nov 24 16:21:55 2015:ERROR - eHandler == NULL or dHandler == NULL
Tue Nov 24 16:22:01 2015:info  - handle accept evets!
Tue Nov 24 16:22:01 2015:info  - m_connections.size() = 0
Tue Nov 24 16:22:01 2015:info  - accept a connection from ip:127.0.0.1port33093
Tue Nov 24 16:22:01 2015:ERROR - eHandler == NULL or dHandler == NULL
Tue Nov 24 16:22:53 2015:info  - Init server...
Tue Nov 24 16:22:53 2015:info  - start server...
Tue Nov 24 16:22:53 2015:info  - run server
Tue Nov 24 16:22:55 2015:info  - handle accept evets!
Tue Nov 24 16:22:55 2015:info  - m_connections.size() = 0
Tue Nov 24 16:22:55 2015:info  - accept a connection from ip:127.0.0.1port33094
Tue Nov 24 16:23:07 2015:info  - handle accept evets!
Tue Nov 24 16:23:07 2015:info  - m_connections.size() = 0
Tue Nov 24 16:23:07 2015:info  - accept a connection from ip:127.0.0.1port33095
Tue Nov 24 16:23:15 2015:ERROR - eHandler == NULL or dHandler == NULL
Tue Nov 24 16:23:18 2015:ERROR - eHandler == NULL or dHandler == NULL
Tue Nov 24 16:23:21 2015:info  - handle accept evets!
Tue Nov 24 16:23:21 2015:info  - m_connections.size() = 0
Tue Nov 24 16:23:21 2015:info  - accept a connection from ip:127.0.0.1port33096
Tue Nov 24 16:23:25 2015:info  - handle accept evets!
Tue Nov 24 16:23:25 2015:info  - m_connections.size() = 0
Tue Nov 24 16:23:25 2015:info  - accept a connection from ip:127.0.0.1port33097
Tue Nov 24 16:23:35 2015:ERROR - eHandler == NULL or dHandler == NULL
Tue Nov 24 16:23:37 2015:ERROR - eHandler == NULL or dHandler == NULL
Tue Nov 24 16:26:38 2015:info  - Init server...
Tue Nov 24 16:26:38 2015:info  - start server...
Tue Nov 24 16:26:38 2015:info  - run server
Tue Nov 24 16:26:40 2015:info  - handle accept evets!
Tue Nov 24 16:26:40 2015:info  - m_connections.size() = 0
Tue Nov 24 16:26:40 2015:info  - accept a connection from ip:127.0.0.1port33098
Tue Nov 24 16:26:42 2015:info  - handle accept evets!
Tue Nov 24 16:26:42 2015:info  - m_connections.size() = 0
Tue Nov 24 16:26:42 2015:info  - accept a connection from ip:127.0.0.1port33099
Tue Nov 24 16:26:47 2015:ERROR - eHandler == NULL or dHandler == NULL
Tue Nov 24 16:26:49 2015:ERROR - eHandler == NULL or dHandler == NULL
Tue Nov 24 16:27:24 2015:info  - Init server...
Tue Nov 24 16:27:24 2015:info  - start server...
Tue Nov 24 16:27:24 2015:info  - run server
Tue Nov 24 16:27:26 2015:info  - handle accept evets!
Tue Nov 24 16:27:26 2015:info  - m_connections.size() = 1
Tue Nov 24 16:27:26 2015:info  - accept a connection from ip:127.0.0.1port33100
Tue Nov 24 16:27:27 2015:info  - handle accept evets!
Tue Nov 24 16:27:27 2015:info  - m_connections.size() = 2
Tue Nov 24 16:27:27 2015:info  - accept a connection from ip:127.0.0.1port33101
Tue Nov 24 16:27:33 2015:ERROR - eHandler == NULL or dHandler == NULL
Tue Nov 24 16:27:36 2015:ERROR - eHandler == NULL or dHandler == NULL
Wed Nov 25 15:53:32 2015:info  - Init server...
Wed Nov 25 15:53:32 2015:info  - start server...
Wed Nov 25 15:53:32 2015:info  - run server
Wed Nov 25 15:53:55 2015:info  - handle accept evets!
Wed Nov 25 15:53:55 2015:info  - m_connections.size() = 1
Wed Nov 25 15:53:55 2015:info  - accept a connection from ip:127.0.0.1port42070
Wed Nov 25 15:56:08 2015:info  - Init server...
Wed Nov 25 15:56:08 2015:info  - start server...
Wed Nov 25 15:56:08 2015:info  - run server
Wed Nov 25 15:56:15 2015:info  - handle accept evets!
Wed Nov 25 15:56:15 2015:info  - m_connections.size() = 1
Wed Nov 25 15:56:15 2015:info  - accept a connection from ip:127.0.0.1port42073
Wed Nov 25 15:56:17 2015:info  - InnerConn onRead
Wed Nov 25 15:56:45 2015:info  - Init server...
Wed Nov 25 15:56:45 2015:info  - start server...
Wed Nov 25 15:56:45 2015:info  - run server
Wed Nov 25 15:56:48 2015:info  - handle accept evets!
Wed Nov 25 15:56:48 2015:info  - m_connections.size() = 1
Wed Nov 25 15:56:48 2015:info  - accept a connection from ip:127.0.0.1port42076
Wed Nov 25 15:56:50 2015:info  - InnerConn onRead
Wed Nov 25 15:56:50 2015:ERROR - eHandler == NULL or dHandler == NULL
Wed Nov 25 15:56:50 2015:info  - InnerConn onRead
Wed Nov 25 15:56:50 2015:ERROR - eHandler == NULL or dHandler == NULL
Wed Nov 25 16:31:51 2015:info  - Init server...
Wed Nov 25 16:31:51 2015:info  - start server...
Wed Nov 25 16:31:51 2015:info  - run server
Wed Nov 25 16:32:00 2015:info  - handle accept evets!
Wed Nov 25 16:32:00 2015:info  - m_connections.size() = 1
Wed Nov 25 16:32:00 2015:info  - accept a connection from ip:127.0.0.1port42111
Wed Nov 25 16:32:01 2015:info  - InnerConn onRead
Wed Nov 25 16:32:01 2015:ERROR - eHandler == NULL or dHandler == NULL
Wed Nov 25 16:32:01 2015:info  - InnerConn onRead
Wed Nov 25 16:32:01 2015:ERROR - eHandler == NULL or dHandler == NULL
Wed Dec 16 09:40:22 2015:info  - Init server...
Wed Dec 16 09:40:22 2015:info  - start server...
Wed Dec 16 09:40:22 2015:info  - run server
Wed Dec 16 09:40:32 2015:info  - handle accept evets!
Wed Dec 16 09:40:32 2015:info  - m_connections.size() = 1
Wed Dec 16 09:40:32 2015:info  - accept a connection from ip:127.0.0.1port56918
Wed Dec 16 09:40:39 2015:info  - handle accept evets!
Wed Dec 16 09:40:39 2015:info  - m_connections.size() = 2
Wed Dec 16 09:40:39 2015:info  - accept a connection from ip:127.0.0.1port56919
Wed Dec 16 09:40:43 2015:info  - InnerConn onRead
Wed Dec 16 09:40:43 2015:ERROR - eHandler == NULL or dHandler == NULL
Wed Dec 16 09:40:50 2015:info  - InnerConn onRead
Wed Dec 16 09:40:50 2015:ERROR - eHandler == NULL or dHandler == NULL
Wed Dec 16 09:40:50 2015:info  - InnerConn onRead
Wed Dec 16 09:40:50 2015:ERROR - eHandler == NULL or dHandler == NULL
Wed Dec 16 10:24:14 2015:info  - Init server...
Wed Dec 16 10:24:14 2015:info  - start server...
Wed Dec 16 10:24:14 2015:info  - run server
Wed Dec 16 10:24:19 2015:info  - handle accept evets!
Wed Dec 16 10:24:19 2015:info  - new Connection!
Wed Dec 16 10:24:19 2015:info  - m_connections.size() = 1
Wed Dec 16 10:24:19 2015:info  - accept a connection from ip:127.0.0.1port56929
Wed Dec 16 10:24:22 2015:info  - handle input events!
Wed Dec 16 10:24:22 2015:info  - recv data lenth = !4096
Wed Dec 16 10:24:22 2015:info  - recv data lenth = !4096
Wed Dec 16 10:24:22 2015:info  - recv data lenth = !1808
Wed Dec 16 10:24:22 2015:info  - On socket close!
Wed Dec 16 10:24:22 2015:info  - m_connections.size() = 0
Wed Dec 16 10:24:22 2015:info  - destroy Connection!
Wed Dec 16 10:25:05 2015:info  - Init server...
Wed Dec 16 10:25:05 2015:info  - start server...
Wed Dec 16 10:25:05 2015:info  - run server
Wed Dec 16 10:25:08 2015:info  - handle accept evets!
Wed Dec 16 10:25:08 2015:info  - new Connection!
Wed Dec 16 10:25:08 2015:info  - m_connections.size() = 1
Wed Dec 16 10:25:08 2015:info  - accept a connection from ip:127.0.0.1port56930
Wed Dec 16 10:25:11 2015:info  - handle input events!
Wed Dec 16 10:25:11 2015:info  - recv data lenth = %d!4096
Wed Dec 16 10:25:11 2015:info  - recv data lenth = %d!4096
Wed Dec 16 10:25:11 2015:info  - recv data lenth = %d!1808
Wed Dec 16 10:25:11 2015:info  - On socket close!
Wed Dec 16 10:25:11 2015:info  - m_connections.size() = 0
Wed Dec 16 10:25:11 2015:info  - destroy Connection!
